<?xml version="1.0" encoding="UTF-8"?>
<!-- Generated by org.testng.reporters.JUnitReportReporter -->
<testsuite hostname="LAPTOP-99E1KM0D" failures="0" tests="1" name="Demo.TestNGDemo.Assertions" time="0.007" errors="0" timestamp="2023-08-31T10:25:35 IST" skipped="0">
  <testcase classname="Demo.TestNGDemo.Assertions" name="method1" time="0.007"/>
</testsuite> <!-- Demo.TestNGDemo.Assertions -->
