<?xml version="1.0" encoding="UTF-8"?>
<!-- Generated by org.testng.reporters.JUnitReportReporter -->
<testsuite hostname="LAPTOP-99E1KM0D" failures="0" tests="2" name="Demo1.Test2" time="0.003" errors="0" timestamp="2023-08-30T23:03:40 IST" skipped="0">
  <testcase classname="Demo1.Test2" name="method3" time="0.001"/>
  <testcase classname="Demo1.Test2" name="method4" time="0.002"/>
</testsuite> <!-- Demo1.Test2 -->
